<?xml version="1.0" encoding="UTF-8"?>
<testsuite xmlns:xsi="http://www.w3.org/2001/XMLSchema-instance" xsi:noNamespaceSchemaLocation="https://maven.apache.org/surefire/maven-surefire-plugin/xsd/surefire-test-report-3.0.xsd" version="3.0" name="com.jinene.api.IpstakApiTest" time="1.556" tests="1" errors="0" skipped="0" failures="0">
  <properties>
    <property name="java.specification.version" value="17"/>
    <property name="sun.jnu.encoding" value="UTF-8"/>
    <property name="java.class.path" value="/Users/hedfijinene/eclipse-workspace/yassir_api_test/target/test-classes:/Users/hedfijinene/eclipse-workspace/yassir_api_test/target/classes:/Users/hedfijinene/.m2/repository/io/rest-assured/rest-assured/5.4.0/rest-assured-5.4.0.jar:/Users/hedfijinene/.m2/repository/org/apache/groovy/groovy/4.0.16/groovy-4.0.16.jar:/Users/hedfijinene/.m2/repository/org/apache/groovy/groovy-xml/4.0.16/groovy-xml-4.0.16.jar:/Users/hedfijinene/.m2/repository/org/apache/httpcomponents/httpclient/4.5.13/httpclient-4.5.13.jar:/Users/hedfijinene/.m2/repository/org/apache/httpcomponents/httpcore/4.4.13/httpcore-4.4.13.jar:/Users/hedfijinene/.m2/repository/commons-logging/commons-logging/1.2/commons-logging-1.2.jar:/Users/hedfijinene/.m2/repository/commons-codec/commons-codec/1.11/commons-codec-1.11.jar:/Users/hedfijinene/.m2/repository/org/apache/httpcomponents/httpmime/4.5.13/httpmime-4.5.13.jar:/Users/hedfijinene/.m2/repository/org/hamcrest/hamcrest/2.2/hamcrest-2.2.jar:/Users/hedfijinene/.m2/repository/org/ccil/cowan/tagsoup/tagsoup/1.2.1/tagsoup-1.2.1.jar:/Users/hedfijinene/.m2/repository/io/rest-assured/json-path/5.4.0/json-path-5.4.0.jar:/Users/hedfijinene/.m2/repository/org/apache/groovy/groovy-json/4.0.16/groovy-json-4.0.16.jar:/Users/hedfijinene/.m2/repository/io/rest-assured/rest-assured-common/5.4.0/rest-assured-common-5.4.0.jar:/Users/hedfijinene/.m2/repository/io/rest-assured/xml-path/5.4.0/xml-path-5.4.0.jar:/Users/hedfijinene/.m2/repository/org/apache/commons/commons-lang3/3.11/commons-lang3-3.11.jar:/Users/hedfijinene/.m2/repository/org/testng/testng/7.10.2/testng-7.10.2.jar:/Users/hedfijinene/.m2/repository/org/slf4j/slf4j-api/1.7.36/slf4j-api-1.7.36.jar:/Users/hedfijinene/.m2/repository/com/beust/jcommander/1.82/jcommander-1.82.jar:/Users/hedfijinene/.m2/repository/org/webjars/jquery/3.7.1/jquery-3.7.1.jar:/Users/hedfijinene/.m2/repository/org/json/json/20231013/json-20231013.jar:"/>
    <property name="java.vm.vendor" value="Homebrew"/>
    <property name="sun.arch.data.model" value="64"/>
    <property name="java.vendor.url" value="https://github.com/Homebrew/homebrew-core/issues"/>
    <property name="user.timezone" value="Africa/Tunis"/>
    <property name="os.name" value="Mac OS X"/>
    <property name="java.vm.specification.version" value="17"/>
    <property name="sun.java.launcher" value="SUN_STANDARD"/>
    <property name="user.country" value="TN"/>
    <property name="sun.boot.library.path" value="/opt/homebrew/Cellar/openjdk@17/17.0.17/libexec/openjdk.jdk/Contents/Home/lib"/>
    <property name="sun.java.command" value="/Users/hedfijinene/eclipse-workspace/yassir_api_test/target/surefire/surefirebooter-20251024164459327_3.jar /Users/hedfijinene/eclipse-workspace/yassir_api_test/target/surefire 2025-10-24T16-44-59_287-jvmRun1 surefire-20251024164459327_1tmp surefire_0-20251024164459327_2tmp"/>
    <property name="http.nonProxyHosts" value="local|*.local|169.254/16|*.169.254/16"/>
    <property name="jdk.debug" value="release"/>
    <property name="surefire.test.class.path" value="/Users/hedfijinene/eclipse-workspace/yassir_api_test/target/test-classes:/Users/hedfijinene/eclipse-workspace/yassir_api_test/target/classes:/Users/hedfijinene/.m2/repository/io/rest-assured/rest-assured/5.4.0/rest-assured-5.4.0.jar:/Users/hedfijinene/.m2/repository/org/apache/groovy/groovy/4.0.16/groovy-4.0.16.jar:/Users/hedfijinene/.m2/repository/org/apache/groovy/groovy-xml/4.0.16/groovy-xml-4.0.16.jar:/Users/hedfijinene/.m2/repository/org/apache/httpcomponents/httpclient/4.5.13/httpclient-4.5.13.jar:/Users/hedfijinene/.m2/repository/org/apache/httpcomponents/httpcore/4.4.13/httpcore-4.4.13.jar:/Users/hedfijinene/.m2/repository/commons-logging/commons-logging/1.2/commons-logging-1.2.jar:/Users/hedfijinene/.m2/repository/commons-codec/commons-codec/1.11/commons-codec-1.11.jar:/Users/hedfijinene/.m2/repository/org/apache/httpcomponents/httpmime/4.5.13/httpmime-4.5.13.jar:/Users/hedfijinene/.m2/repository/org/hamcrest/hamcrest/2.2/hamcrest-2.2.jar:/Users/hedfijinene/.m2/repository/org/ccil/cowan/tagsoup/tagsoup/1.2.1/tagsoup-1.2.1.jar:/Users/hedfijinene/.m2/repository/io/rest-assured/json-path/5.4.0/json-path-5.4.0.jar:/Users/hedfijinene/.m2/repository/org/apache/groovy/groovy-json/4.0.16/groovy-json-4.0.16.jar:/Users/hedfijinene/.m2/repository/io/rest-assured/rest-assured-common/5.4.0/rest-assured-common-5.4.0.jar:/Users/hedfijinene/.m2/repository/io/rest-assured/xml-path/5.4.0/xml-path-5.4.0.jar:/Users/hedfijinene/.m2/repository/org/apache/commons/commons-lang3/3.11/commons-lang3-3.11.jar:/Users/hedfijinene/.m2/repository/org/testng/testng/7.10.2/testng-7.10.2.jar:/Users/hedfijinene/.m2/repository/org/slf4j/slf4j-api/1.7.36/slf4j-api-1.7.36.jar:/Users/hedfijinene/.m2/repository/com/beust/jcommander/1.82/jcommander-1.82.jar:/Users/hedfijinene/.m2/repository/org/webjars/jquery/3.7.1/jquery-3.7.1.jar:/Users/hedfijinene/.m2/repository/org/json/json/20231013/json-20231013.jar:"/>
    <property name="sun.cpu.endian" value="little"/>
    <property name="user.home" value="/Users/hedfijinene"/>
    <property name="user.language" value="fr"/>
    <property name="java.specification.vendor" value="Oracle Corporation"/>
    <property name="java.version.date" value="2025-10-21"/>
    <property name="java.home" value="/opt/homebrew/Cellar/openjdk@17/17.0.17/libexec/openjdk.jdk/Contents/Home"/>
    <property name="file.separator" value="/"/>
    <property name="basedir" value="/Users/hedfijinene/eclipse-workspace/yassir_api_test"/>
    <property name="java.vm.compressedOopsMode" value="Zero based"/>
    <property name="line.separator" value="&#10;"/>
    <property name="java.vm.specification.vendor" value="Oracle Corporation"/>
    <property name="java.specification.name" value="Java Platform API Specification"/>
    <property name="surefire.real.class.path" value="/Users/hedfijinene/eclipse-workspace/yassir_api_test/target/surefire/surefirebooter-20251024164459327_3.jar"/>
    <property name="sun.management.compiler" value="HotSpot 64-Bit Tiered Compilers"/>
    <property name="ftp.nonProxyHosts" value="local|*.local|169.254/16|*.169.254/16"/>
    <property name="java.runtime.version" value="17.0.17+0"/>
    <property name="user.name" value="hedfijinene"/>
    <property name="path.separator" value=":"/>
    <property name="os.version" value="15.5"/>
    <property name="java.runtime.name" value="OpenJDK Runtime Environment"/>
    <property name="file.encoding" value="UTF-8"/>
    <property name="java.vm.name" value="OpenJDK 64-Bit Server VM"/>
    <property name="java.vendor.version" value="Homebrew"/>
    <property name="localRepository" value="/Users/hedfijinene/.m2/repository"/>
    <property name="java.vendor.url.bug" value="https://github.com/Homebrew/homebrew-core/issues"/>
    <property name="java.io.tmpdir" value="/var/folders/wn/pv373vrj72j8b31z0s_k_l4h0000gn/T/"/>
    <property name="java.version" value="17.0.17"/>
    <property name="user.dir" value="/Users/hedfijinene/eclipse-workspace/yassir_api_test"/>
    <property name="os.arch" value="aarch64"/>
    <property name="java.vm.specification.name" value="Java Virtual Machine Specification"/>
    <property name="native.encoding" value="UTF-8"/>
    <property name="java.library.path" value="/Users/hedfijinene/Library/Java/Extensions:/Library/Java/Extensions:/Network/Library/Java/Extensions:/System/Library/Java/Extensions:/usr/lib/java:."/>
    <property name="java.vm.info" value="mixed mode, sharing"/>
    <property name="java.vendor" value="Homebrew"/>
    <property name="java.vm.version" value="17.0.17+0"/>
    <property name="java.specification.maintenance.version" value="1"/>
    <property name="sun.io.unicode.encoding" value="UnicodeBig"/>
    <property name="socksNonProxyHosts" value="local|*.local|169.254/16|*.169.254/16"/>
    <property name="java.class.version" value="61.0"/>
  </properties>
  <testcase name="testIpGeolocation" classname="com.jinene.api.IpstakApiTest" time="1.142">
    <system-out><![CDATA[{
    "ip": "134.201.250.155",
    "type": "ipv4",
    "continent_code": "NA",
    "continent_name": "North America",
    "country_code": "US",
    "country_name": "United States",
    "region_code": "CA",
    "region_name": "California",
    "city": "Huntington Beach",
    "zip": "92647",
    "latitude": 33.70962142944336,
    "longitude": -117.99259185791016,
    "msa": "31100",
    "dma": "803",
    "radius": "0",
    "ip_routing_type": "fixed",
    "connection_type": "tx",
    "location": {
        "geoname_id": 5358705,
        "capital": "Washington D.C.",
        "languages": [
            {
                "code": "en",
                "name": "English",
                "native": "English"
            }
        ],
        "country_flag": "https://assets.ipstack.com/flags/us.svg",
        "country_flag_emoji": "ðŸ‡ºðŸ‡¸",
        "country_flag_emoji_unicode": "U+1F1FA U+1F1F8",
        "calling_code": "1",
        "is_eu": false
    }
}
]]></system-out>
    <system-err><![CDATA[SLF4J: Failed to load class "org.slf4j.impl.StaticLoggerBinder".
SLF4J: Defaulting to no-operation (NOP) logger implementation
SLF4J: See http://www.slf4j.org/codes.html#StaticLoggerBinder for further details.
]]></system-err>
  </testcase>
</testsuite>