<?xml version="1.0" encoding="UTF-8"?>
<!-- Generated by org.testng.reporters.JUnitReportReporter -->
<testsuite hostname="MacBookAir" failures="0" tests="1" name="com.jinene.api.IpstakApiTest" time="1.142" errors="0" timestamp="2025-10-24T16:45:00 CET" skipped="0">
  <testcase classname="com.jinene.api.IpstakApiTest" name="testIpGeolocation" time="1.142"/>
</testsuite> <!-- com.jinene.api.IpstakApiTest -->
